npm ERR! code ERESOLVE
npm ERR! ERESOLVE unable to resolve dependency tree
npm ERR! 
npm ERR! While resolving: front@0.0.0
npm ERR! Found: @angular-devkit/build-angular@14.2.13
npm ERR! node_modules/@angular-devkit/build-angular
npm ERR!   dev @angular-devkit/build-angular@"^14.1.3" from the root project
npm ERR! 
npm ERR! Could not resolve dependency:
npm ERR! peer @angular-devkit/build-angular@">=15.0.0 < 20.0.0" from @storybook/angular@8.5.0
npm ERR! node_modules/@storybook/angular
npm ERR!   dev @storybook/angular@"8.5.0" from the root project
npm ERR! 
npm ERR! Fix the upstream dependency conflict, or retry
npm ERR! this command with --force or --legacy-peer-deps
npm ERR! to accept an incorrect (and potentially broken) dependency resolution.
npm ERR! 
npm ERR! 
npm ERR! For a full report see:
npm ERR! C:\Users\33754\AppData\Local\npm-cache\_logs\2025-01-21T21_18_07_106Z-eresolve-report.txt

npm ERR! A complete log of this run can be found in: C:\Users\33754\AppData\Local\npm-cache\_logs\2025-01-21T21_18_07_106Z-debug-0.log
